Arguments: 
  /Users/esteban/.nvm/versions/node/v12.0.0/bin/node /usr/local/Cellar/yarn/1.15.2/libexec/bin/yarn.js add --dev @babel/core @babel/peset-env babel-loader clean-webpack-plugin css-loader eslint file-loader html-webpack-plugin style-loader webpack webpack-cli webpack-dev-server

PATH: 
  /Users/esteban/.pyenv/shims:/Users/esteban/.pyenv:/Users/esteban/.nvm/versions/node/v12.0.0/bin:/usr/local/bin:/usr/bin:/bin:/usr/sbin:/sbin

Yarn version: 
  1.15.2

Node version: 
  12.0.0

Platform: 
  darwin x64

Trace: 
  Error: https://registry.yarnpkg.com/@babel%2fpeset-env: Not found
      at Request.params.callback [as _callback] (/usr/local/Cellar/yarn/1.15.2/libexec/lib/cli.js:66058:18)
      at Request.self.callback (/usr/local/Cellar/yarn/1.15.2/libexec/lib/cli.js:129541:22)
      at Request.emit (events.js:196:13)
      at Request.<anonymous> (/usr/local/Cellar/yarn/1.15.2/libexec/lib/cli.js:130513:10)
      at Request.emit (events.js:196:13)
      at IncomingMessage.<anonymous> (/usr/local/Cellar/yarn/1.15.2/libexec/lib/cli.js:130435:12)
      at Object.onceWrapper (events.js:284:20)
      at IncomingMessage.emit (events.js:201:15)
      at endReadableNT (_stream_readable.js:1130:12)
      at processTicksAndRejections (internal/process/task_queues.js:83:17)

npm manifest: 
  {
    "name": "me",
    "version": "0.1.0",
    "description": "Esteban Borai Portfolio",
    "main": "index.js",
    "repository": "https://github.com/estebanborai/me.git",
    "author": "Esteban Borai <estebanborai@outlook.com>",
    "license": "MIT"
  }

yarn manifest: 
  No manifest

Lockfile: 
  No lockfile
